2022-06-21 07:45:19 INFO  com.example.demo.RouteController2     - info..........yeahyeahhoooooooooo................
info..........yeahyeahhoooooooooo................
info..........yeahyeahhoooooooooo................
2022-06-21 08:24:15 INFO  0 --- [http-nio-8081-exec-1] com.example.demo.RouteController2 [   ] - info..........yeahyeahhoooooooooo................
2022-06-21 08:25 INFO  0 --- [http-nio-8081-exec-1] com.example.demo.RouteController2 [   ] - info..........yeahyeahhoooooooooo................
2022-06-21 08:28:17 INFO  0 --- [http-nio-8081-exec-1] com.example.demo.RouteController2 [   ] - info..........................
2022-06-21 08:28:17 ERROR 0 --- [http-nio-8081-exec-1] com.example.demo.RouteController2 [   ] - info..........................
2022-06-21 08:33:00.606 INFO 0 --- [http-nio-8081-exec-1] com.example.demo.RouteController2 : info..........................
2022-06-21 08:33:00.607 ERROR 1 --- [http-nio-8081-exec-1] com.example.demo.RouteController2 : error..........................
2022-06-21 08:35:38.458 INFO 157852 --- [http-nio-8081-exec-9] com.example.demo.RouteController2 : info..........................
2022-06-21 08:35:38.458 ERROR 157852 --- [http-nio-8081-exec-9] com.example.demo.RouteController2 : error..........................
2022-06-21 08:36:15.465 INFO 194859 --- [http-nio-8081-exec-7] com.example.demo.RouteController2 : info..........................
2022-06-21 08:36:15.465 ERROR 194859 --- [http-nio-8081-exec-7] com.example.demo.RouteController2 : error..........................
2022-06-21 08:36:15.640 INFO 195034 --- [http-nio-8081-exec-8] com.example.demo.RouteController2 : info..........................
2022-06-21 08:36:15.640 ERROR 195034 --- [http-nio-8081-exec-8] com.example.demo.RouteController2 : error..........................
2022-06-21 08:36:15.796 INFO 195190 --- [http-nio-8081-exec-10] com.example.demo.RouteController2 : info..........................
2022-06-21 08:36:15.796 ERROR 195190 --- [http-nio-8081-exec-10] com.example.demo.RouteController2 : error..........................
2022-06-21 08:36:16.020 INFO 195414 --- [http-nio-8081-exec-4] com.example.demo.RouteController2 : info..........................
2022-06-21 08:36:16.020 ERROR 195414 --- [http-nio-8081-exec-4] com.example.demo.RouteController2 : error..........................
2022-06-21 08:36:37.073 INFO  0 --- [http-nio-8081-exec-2] com.example.demo.RouteController2 : info..........................
2022-06-21 08:36:37.074 ERROR 1 --- [http-nio-8081-exec-2] com.example.demo.RouteController2 : error..........................
2022-06-21 08:36:39.065 INFO  1992 --- [http-nio-8081-exec-4] com.example.demo.RouteController2 : info..........................
2022-06-21 08:36:39.065 ERROR 1992 --- [http-nio-8081-exec-4] com.example.demo.RouteController2 : error..........................
2022-06-21 08:36:39.303 INFO  2230 --- [http-nio-8081-exec-5] com.example.demo.RouteController2 : info..........................
2022-06-21 08:36:39.304 ERROR 2231 --- [http-nio-8081-exec-5] com.example.demo.RouteController2 : error..........................
2022-06-21 08:36:39.527 INFO  2454 --- [http-nio-8081-exec-6] com.example.demo.RouteController2 : info..........................
2022-06-21 08:36:39.527 ERROR 2454 --- [http-nio-8081-exec-6] com.example.demo.RouteController2 : error..........................
2022-06-21 08:36:39.751 INFO  2678 --- [http-nio-8081-exec-7] com.example.demo.RouteController2 : info..........................
2022-06-21 08:36:39.751 ERROR 2678 --- [http-nio-8081-exec-7] com.example.demo.RouteController2 : error..........................
2022-06-21 08:36:54.378 INFO  17305 --- [http-nio-8081-exec-10] com.example.demo.RouteController2 : info..........................
2022-06-21 08:36:54.378 ERROR 17305 --- [http-nio-8081-exec-10] com.example.demo.RouteController2 : error..........................
2022-06-21 08:36:54.596 INFO  17523 --- [http-nio-8081-exec-2] com.example.demo.RouteController2 : info..........................
2022-06-21 08:36:54.596 ERROR 17523 --- [http-nio-8081-exec-2] com.example.demo.RouteController2 : error..........................
2022-06-21 08:36:54.821 INFO  17748 --- [http-nio-8081-exec-3] com.example.demo.RouteController2 : info..........................
2022-06-21 08:36:54.821 ERROR 17748 --- [http-nio-8081-exec-3] com.example.demo.RouteController2 : error..........................
2022-06-21 08:36:55.014 INFO  17941 --- [http-nio-8081-exec-1] com.example.demo.RouteController2 : info..........................
2022-06-21 08:36:55.014 ERROR 17941 --- [http-nio-8081-exec-1] com.example.demo.RouteController2 : error..........................
2022-06-21 08:37:21.048 INFO  43975 --- [http-nio-8081-exec-6] com.example.demo.RouteController2 : info..........................
2022-06-21 08:37:21.048 ERROR 43975 --- [http-nio-8081-exec-6] com.example.demo.RouteController2 : error..........................
2022-06-21 08:37:22.119 INFO  45046 --- [http-nio-8081-exec-7] com.example.demo.RouteController2 : info..........................
2022-06-21 08:37:22.120 ERROR 45047 --- [http-nio-8081-exec-7] com.example.demo.RouteController2 : error..........................
2022-06-21 08:37:22.297 INFO  45224 --- [http-nio-8081-exec-8] com.example.demo.RouteController2 : info..........................
2022-06-21 08:37:22.297 ERROR 45224 --- [http-nio-8081-exec-8] com.example.demo.RouteController2 : error..........................
2022-06-21 08:37:22.422 INFO  45349 --- [http-nio-8081-exec-9] com.example.demo.RouteController2 : info..........................
2022-06-21 08:37:22.422 ERROR 45349 --- [http-nio-8081-exec-9] com.example.demo.RouteController2 : error..........................
2022-06-21 08:37:22.583 INFO  45510 --- [http-nio-8081-exec-10] com.example.demo.RouteController2 : info..........................
2022-06-21 08:37:22.583 ERROR 45510 --- [http-nio-8081-exec-10] com.example.demo.RouteController2 : error..........................
2022-06-21 08:37:22.745 INFO  45672 --- [http-nio-8081-exec-2] com.example.demo.RouteController2 : info..........................
2022-06-21 08:37:22.745 ERROR 45672 --- [http-nio-8081-exec-2] com.example.demo.RouteController2 : error..........................
2022-06-21 08:37:22.903 INFO  45830 --- [http-nio-8081-exec-3] com.example.demo.RouteController2 : info..........................
2022-06-21 08:37:22.903 ERROR 45830 --- [http-nio-8081-exec-3] com.example.demo.RouteController2 : error..........................
2022-06-21 08:38:16.721 INFO  0      --- [http-nio-8081-exec-1] com.example.demo.RouteController2    : info..........................
2022-06-21 08:38:16.722 ERROR 1      --- [http-nio-8081-exec-1] com.example.demo.RouteController2    : error..........................
2022-06-21 08:38:17.144 INFO  423    --- [http-nio-8081-exec-2] com.example.demo.RouteController2    : info..........................
2022-06-21 08:38:17.144 ERROR 423    --- [http-nio-8081-exec-2] com.example.demo.RouteController2    : error..........................
2022-06-21 08:38:17.365 INFO  644    --- [http-nio-8081-exec-3] com.example.demo.RouteController2    : info..........................
2022-06-21 08:38:17.365 ERROR 644    --- [http-nio-8081-exec-3] com.example.demo.RouteController2    : error..........................
2022-06-21 08:38:17.571 INFO  850    --- [http-nio-8081-exec-4] com.example.demo.RouteController2    : info..........................
2022-06-21 08:38:17.571 ERROR 850    --- [http-nio-8081-exec-4] com.example.demo.RouteController2    : error..........................
2022-06-21 08:38:17.749 INFO  1028   --- [http-nio-8081-exec-6] com.example.demo.RouteController2    : info..........................
2022-06-21 08:38:17.750 ERROR 1029   --- [http-nio-8081-exec-6] com.example.demo.RouteController2    : error..........................
2022-06-21 08:38:19.083 INFO  2362   --- [http-nio-8081-exec-8] com.example.demo.RouteController2    : info..........................
2022-06-21 08:38:19.083 ERROR 2362   --- [http-nio-8081-exec-8] com.example.demo.RouteController2    : error..........................
2022-06-21 08:38:34.778 INFO  18057  --- [http-nio-8081-exec-1] com.example.demo.RouteController2    : info..........................
2022-06-21 08:38:34.779 ERROR 18058  --- [http-nio-8081-exec-1] com.example.demo.RouteController2    : error..........................
2022-06-21 08:38:35.049 INFO  18328  --- [http-nio-8081-exec-2] com.example.demo.RouteController2    : info..........................
2022-06-21 08:38:35.049 ERROR 18328  --- [http-nio-8081-exec-2] com.example.demo.RouteController2    : error..........................
2022-06-21 08:38:35.287 INFO  18566  --- [http-nio-8081-exec-3] com.example.demo.RouteController2    : info..........................
2022-06-21 08:38:35.287 ERROR 18566  --- [http-nio-8081-exec-3] com.example.demo.RouteController2    : error..........................
2022-06-21 08:38:35.497 INFO  18776  --- [http-nio-8081-exec-4] com.example.demo.RouteController2    : info..........................
2022-06-21 08:38:35.497 ERROR 18776  --- [http-nio-8081-exec-4] com.example.demo.RouteController2    : error..........................
2022-06-21 08:38:39.880 INFO  23159  --- [http-nio-8081-exec-5] com.example.demo.RouteController2    : info..........................
2022-06-21 08:38:39.880 ERROR 23159  --- [http-nio-8081-exec-5] com.example.demo.RouteController2    : error..........................
2022-06-21 08:38:40.137 INFO  23416  --- [http-nio-8081-exec-8] com.example.demo.RouteController2    : info..........................
2022-06-21 08:38:40.137 ERROR 23416  --- [http-nio-8081-exec-8] com.example.demo.RouteController2    : error..........................
2022-06-21 08:38:40.358 INFO  23637  --- [http-nio-8081-exec-10] com.example.demo.RouteController2    : info..........................
2022-06-21 08:38:40.358 ERROR 23637  --- [http-nio-8081-exec-10] com.example.demo.RouteController2    : error..........................
2022-06-21 08:38:40.583 INFO  23862  --- [http-nio-8081-exec-9] com.example.demo.RouteController2    : info..........................
2022-06-21 08:38:40.583 ERROR 23862  --- [http-nio-8081-exec-9] com.example.demo.RouteController2    : error..........................
2022-06-21 08:38:41.063 INFO  24342  --- [http-nio-8081-exec-1] com.example.demo.RouteController2    : info..........................
2022-06-21 08:38:41.064 ERROR 24343  --- [http-nio-8081-exec-1] com.example.demo.RouteController2    : error..........................
2022-06-21 08:38:41.303 INFO  24582  --- [http-nio-8081-exec-2] com.example.demo.RouteController2    : info..........................
2022-06-21 08:38:41.303 ERROR 24582  --- [http-nio-8081-exec-2] com.example.demo.RouteController2    : error..........................
2022-06-21 08:38:41.562 INFO  24841  --- [http-nio-8081-exec-3] com.example.demo.RouteController2    : info..........................
2022-06-21 08:38:41.562 ERROR 24841  --- [http-nio-8081-exec-3] com.example.demo.RouteController2    : error..........................
2022-06-21 08:38:41.800 INFO  25079  --- [http-nio-8081-exec-4] com.example.demo.RouteController2    : info..........................
2022-06-21 08:38:41.800 ERROR 25079  --- [http-nio-8081-exec-4] com.example.demo.RouteController2    : error..........................
2022-06-21 08:38:42.041 INFO  25320  --- [http-nio-8081-exec-6] com.example.demo.RouteController2    : info..........................
2022-06-21 08:38:42.041 ERROR 25320  --- [http-nio-8081-exec-6] com.example.demo.RouteController2    : error..........................
2022-06-21 08:38:42.261 INFO  25540  --- [http-nio-8081-exec-7] com.example.demo.RouteController2    : info..........................
2022-06-21 08:38:42.261 ERROR 25540  --- [http-nio-8081-exec-7] com.example.demo.RouteController2    : error..........................
2022-06-21 08:38:42.504 INFO  25783  --- [http-nio-8081-exec-5] com.example.demo.RouteController2    : info..........................
2022-06-21 08:38:42.505 ERROR 25784  --- [http-nio-8081-exec-5] com.example.demo.RouteController2    : error..........................
2022-06-21 08:38:42.725 INFO  26004  --- [http-nio-8081-exec-8] com.example.demo.RouteController2    : info..........................
2022-06-21 08:38:42.725 ERROR 26004  --- [http-nio-8081-exec-8] com.example.demo.RouteController2    : error..........................
2022-06-21 08:38:42.969 INFO  26248  --- [http-nio-8081-exec-10] com.example.demo.RouteController2    : info..........................
2022-06-21 08:38:42.969 ERROR 26248  --- [http-nio-8081-exec-10] com.example.demo.RouteController2    : error..........................
2022-06-21 08:38:43.206 INFO  26485  --- [http-nio-8081-exec-9] com.example.demo.RouteController2    : info..........................
2022-06-21 08:38:43.206 ERROR 26485  --- [http-nio-8081-exec-9] com.example.demo.RouteController2    : error..........................
2022-06-21 08:38:43.446 INFO  26725  --- [http-nio-8081-exec-1] com.example.demo.RouteController2    : info..........................
2022-06-21 08:38:43.446 ERROR 26725  --- [http-nio-8081-exec-1] com.example.demo.RouteController2    : error..........................
2022-06-21 08:38:43.671 INFO  26950  --- [http-nio-8081-exec-2] com.example.demo.RouteController2    : info..........................
2022-06-21 08:38:43.671 ERROR 26950  --- [http-nio-8081-exec-2] com.example.demo.RouteController2    : error..........................
2022-06-21 08:40:27.235INFO 0    --- [http-nio-8081-exec-1] com.example.demo.RouteController2    : info..........................
2022-06-21 08:40:27.236ERROR1    --- [http-nio-8081-exec-1] com.example.demo.RouteController2    : error..........................
2022-06-21 08:40:27.991INFO 756  --- [http-nio-8081-exec-2] com.example.demo.RouteController2    : info..........................
2022-06-21 08:40:27.991ERROR756  --- [http-nio-8081-exec-2] com.example.demo.RouteController2    : error..........................
2022-06-21 08:41:26.738 INFO % -5r --- [http-nio-8081-exec-1] com.example.demo.RouteController2    : info..........................
2022-06-21 08:41:26.739 ERROR% -5r --- [http-nio-8081-exec-1] com.example.demo.RouteController2    : error..........................
2022-06-21 08:41:27.450 INFO % -5r --- [http-nio-8081-exec-2] com.example.demo.RouteController2    : info..........................
2022-06-21 08:41:27.450 ERROR% -5r --- [http-nio-8081-exec-2] com.example.demo.RouteController2    : error..........................
2022-06-21 08:41:27.699 INFO % -5r --- [http-nio-8081-exec-10] com.example.demo.RouteController2    : info..........................
2022-06-21 08:41:27.703 ERROR% -5r --- [http-nio-8081-exec-10] com.example.demo.RouteController2    : error..........................
2022-06-21 08:41:29.293 INFO % -5r --- [http-nio-8081-exec-5] com.example.demo.RouteController2    : info..........................
2022-06-21 08:41:29.293 ERROR% -5r --- [http-nio-8081-exec-5] com.example.demo.RouteController2    : error..........................
2022-06-21 08:41:30.412 INFO % -5r --- [http-nio-8081-exec-7] com.example.demo.RouteController2    : info..........................
2022-06-21 08:41:30.412 ERROR% -5r --- [http-nio-8081-exec-7] com.example.demo.RouteController2    : error..........................
2022-06-21 08:41:31.547 INFO % -5r --- [http-nio-8081-exec-8] com.example.demo.RouteController2    : info..........................
2022-06-21 08:41:31.547 ERROR% -5r --- [http-nio-8081-exec-8] com.example.demo.RouteController2    : error..........................
2022-06-21 08:41:33.178 INFO % -5r --- [http-nio-8081-exec-9] com.example.demo.RouteController2    : info..........................
2022-06-21 08:41:33.178 ERROR% -5r --- [http-nio-8081-exec-9] com.example.demo.RouteController2    : error..........................
2022-06-21 08:42:06.774 INFO  0     --- [http-nio-8081-exec-1] com.example.demo.RouteController2    : info..........................
2022-06-21 08:42:06.775 ERROR 1     --- [http-nio-8081-exec-1] com.example.demo.RouteController2    : error..........................
2022-06-21 08:42:09.081 INFO  2307  --- [http-nio-8081-exec-2] com.example.demo.RouteController2    : info..........................
2022-06-21 08:42:09.081 ERROR 2307  --- [http-nio-8081-exec-2] com.example.demo.RouteController2    : error..........................
2022-06-21 08:42:24.765 INFO  17991 --- [http-nio-8081-exec-5] com.example.demo.RouteController2    : info..........................
2022-06-21 08:42:24.765 ERROR 17991 --- [http-nio-8081-exec-5] com.example.demo.RouteController2    : error..........................
2022-06-21 08:42:25.195 INFO  18421 --- [http-nio-8081-exec-6] com.example.demo.RouteController2    : info..........................
2022-06-21 08:42:25.195 ERROR 18421 --- [http-nio-8081-exec-6] com.example.demo.RouteController2    : error..........................
2022-06-21 08:42:25.482 INFO  18708 --- [http-nio-8081-exec-7] com.example.demo.RouteController2    : info..........................
2022-06-21 08:42:25.482 ERROR 18708 --- [http-nio-8081-exec-7] com.example.demo.RouteController2    : error..........................
2022-06-21 08:42:25.770 INFO  18996 --- [http-nio-8081-exec-8] com.example.demo.RouteController2    : info..........................
2022-06-21 08:42:25.770 ERROR 18996 --- [http-nio-8081-exec-8] com.example.demo.RouteController2    : error..........................
2022-06-21 08:42:26.008 INFO  19234 --- [http-nio-8081-exec-4] com.example.demo.RouteController2    : info..........................
2022-06-21 08:42:26.008 ERROR 19234 --- [http-nio-8081-exec-4] com.example.demo.RouteController2    : error..........................
2022-06-21 08:42:26.266 INFO  19492 --- [http-nio-8081-exec-10] com.example.demo.RouteController2    : info..........................
2022-06-21 08:42:26.266 ERROR 19492 --- [http-nio-8081-exec-10] com.example.demo.RouteController2    : error..........................
2022-06-21 08:42:26.486 INFO  19712 --- [http-nio-8081-exec-1] com.example.demo.RouteController2    : info..........................
2022-06-21 08:42:26.486 ERROR 19712 --- [http-nio-8081-exec-1] com.example.demo.RouteController2    : error..........................
2022-06-21 08:42:26.726 INFO  19952 --- [http-nio-8081-exec-2] com.example.demo.RouteController2    : info..........................
2022-06-21 08:42:26.726 ERROR 19952 --- [http-nio-8081-exec-2] com.example.demo.RouteController2    : error..........................
2022-06-21 08:42:26.936 INFO  20162 --- [http-nio-8081-exec-9] com.example.demo.RouteController2    : info..........................
2022-06-21 08:42:26.936 ERROR 20162 --- [http-nio-8081-exec-9] com.example.demo.RouteController2    : error..........................
2022-06-21 08:42:27.143 INFO  20369 --- [http-nio-8081-exec-3] com.example.demo.RouteController2    : info..........................
2022-06-21 08:42:27.144 ERROR 20370 --- [http-nio-8081-exec-3] com.example.demo.RouteController2    : error..........................
2022-06-21 08:42:27.335 INFO  20561 --- [http-nio-8081-exec-5] com.example.demo.RouteController2    : info..........................
2022-06-21 08:42:27.335 ERROR 20561 --- [http-nio-8081-exec-5] com.example.demo.RouteController2    : error..........................
2022-06-21 08:42:27.545 INFO  20771 --- [http-nio-8081-exec-6] com.example.demo.RouteController2    : info..........................
2022-06-21 08:42:27.545 ERROR 20771 --- [http-nio-8081-exec-6] com.example.demo.RouteController2    : error..........................
2022-06-21 08:42:27.752 INFO  20978 --- [http-nio-8081-exec-7] com.example.demo.RouteController2    : info..........................
2022-06-21 08:42:27.752 ERROR 20978 --- [http-nio-8081-exec-7] com.example.demo.RouteController2    : error..........................
2022-06-21 08:42:27.960 INFO  21186 --- [http-nio-8081-exec-8] com.example.demo.RouteController2    : info..........................
2022-06-21 08:42:27.960 ERROR 21186 --- [http-nio-8081-exec-8] com.example.demo.RouteController2    : error..........................
2022-06-21 08:42:28.168 INFO  21394 --- [http-nio-8081-exec-4] com.example.demo.RouteController2    : info..........................
2022-06-21 08:42:28.168 ERROR 21394 --- [http-nio-8081-exec-4] com.example.demo.RouteController2    : error..........................
2022-06-21 08:42:28.393 INFO  21619 --- [http-nio-8081-exec-10] com.example.demo.RouteController2    : info..........................
2022-06-21 08:42:28.393 ERROR 21619 --- [http-nio-8081-exec-10] com.example.demo.RouteController2    : error..........................
2022-06-21 08:42:28.599 INFO  21825 --- [http-nio-8081-exec-1] com.example.demo.RouteController2    : info..........................
2022-06-21 08:42:28.599 ERROR 21825 --- [http-nio-8081-exec-1] com.example.demo.RouteController2    : error..........................
2022-06-21 08:42:28.823 INFO  22049 --- [http-nio-8081-exec-2] com.example.demo.RouteController2    : info..........................
2022-06-21 08:42:28.824 ERROR 22050 --- [http-nio-8081-exec-2] com.example.demo.RouteController2    : error..........................
2022-06-21 08:42:29.033 INFO  22259 --- [http-nio-8081-exec-9] com.example.demo.RouteController2    : info..........................
2022-06-21 08:42:29.033 ERROR 22259 --- [http-nio-8081-exec-9] com.example.demo.RouteController2    : error..........................
2022-06-21 08:42:29.225 INFO  22451 --- [http-nio-8081-exec-3] com.example.demo.RouteController2    : info..........................
2022-06-21 08:42:29.225 ERROR 22451 --- [http-nio-8081-exec-3] com.example.demo.RouteController2    : error..........................
2022-06-21 08:42:29.434 INFO  22660 --- [http-nio-8081-exec-7] com.example.demo.RouteController2    : info..........................
2022-06-21 08:42:29.434 ERROR 22660 --- [http-nio-8081-exec-7] com.example.demo.RouteController2    : error..........................
2022-06-21 08:42:29.625 INFO  22851 --- [http-nio-8081-exec-8] com.example.demo.RouteController2    : info..........................
2022-06-21 08:42:29.625 ERROR 22851 --- [http-nio-8081-exec-8] com.example.demo.RouteController2    : error..........................
2022-06-21 08:42:29.834 INFO  23060 --- [http-nio-8081-exec-4] com.example.demo.RouteController2    : info..........................
2022-06-21 08:42:29.834 ERROR 23060 --- [http-nio-8081-exec-4] com.example.demo.RouteController2    : error..........................
2022-06-21 08:42:32.682 INFO  25908 --- [http-nio-8081-exec-10] com.example.demo.RouteController2    : info..........................
2022-06-21 08:42:32.682 ERROR 25908 --- [http-nio-8081-exec-10] com.example.demo.RouteController2    : error..........................
2022-06-21 08:42:34.713 INFO  27939 --- [http-nio-8081-exec-1] com.example.demo.RouteController2    : info..........................
2022-06-21 08:42:34.713 ERROR 27939 --- [http-nio-8081-exec-1] com.example.demo.RouteController2    : error..........................
2022-06-21 08:42:35.258 INFO  28484 --- [http-nio-8081-exec-2] com.example.demo.RouteController2    : info..........................
2022-06-21 08:42:35.259 ERROR 28485 --- [http-nio-8081-exec-2] com.example.demo.RouteController2    : error..........................
2022-06-21 08:42:36.265 INFO  29491 --- [http-nio-8081-exec-9] com.example.demo.RouteController2    : info..........................
2022-06-21 08:42:36.265 ERROR 29491 --- [http-nio-8081-exec-9] com.example.demo.RouteController2    : error..........................
2022-06-21 08:42:36.824 INFO  30050 --- [http-nio-8081-exec-3] com.example.demo.RouteController2    : info..........................
2022-06-21 08:42:36.825 ERROR 30051 --- [http-nio-8081-exec-3] com.example.demo.RouteController2    : error..........................
2022-06-21 08:42:37.241 INFO  30467 --- [http-nio-8081-exec-6] com.example.demo.RouteController2    : info..........................
2022-06-21 08:42:37.241 ERROR 30467 --- [http-nio-8081-exec-6] com.example.demo.RouteController2    : error..........................
2022-06-21 08:42:37.497 INFO  30723 --- [http-nio-8081-exec-5] com.example.demo.RouteController2    : info..........................
2022-06-21 08:42:37.497 ERROR 30723 --- [http-nio-8081-exec-5] com.example.demo.RouteController2    : error..........................
2022-06-21 08:42:37.706 INFO  30932 --- [http-nio-8081-exec-7] com.example.demo.RouteController2    : info..........................
2022-06-21 08:42:37.707 ERROR 30933 --- [http-nio-8081-exec-7] com.example.demo.RouteController2    : error..........................
2022-06-21 08:42:38.153 INFO  31379 --- [http-nio-8081-exec-8] com.example.demo.RouteController2    : info..........................
2022-06-21 08:42:38.153 ERROR 31379 --- [http-nio-8081-exec-8] com.example.demo.RouteController2    : error..........................
2022-06-21 08:42:38.315 INFO  31541 --- [http-nio-8081-exec-4] com.example.demo.RouteController2    : info..........................
2022-06-21 08:42:38.315 ERROR 31541 --- [http-nio-8081-exec-4] com.example.demo.RouteController2    : error..........................
2022-06-21 08:42:38.489 INFO  31715 --- [http-nio-8081-exec-10] com.example.demo.RouteController2    : info..........................
2022-06-21 08:42:38.489 ERROR 31715 --- [http-nio-8081-exec-10] com.example.demo.RouteController2    : error..........................
2022-06-21 08:42:38.649 INFO  31875 --- [http-nio-8081-exec-1] com.example.demo.RouteController2    : info..........................
2022-06-21 08:42:38.649 ERROR 31875 --- [http-nio-8081-exec-1] com.example.demo.RouteController2    : error..........................
2022-06-21 08:42:38.791 INFO  32017 --- [http-nio-8081-exec-2] com.example.demo.RouteController2    : info..........................
2022-06-21 08:42:38.791 ERROR 32017 --- [http-nio-8081-exec-2] com.example.demo.RouteController2    : error..........................
2022-06-21 08:42:38.954 INFO  32180 --- [http-nio-8081-exec-9] com.example.demo.RouteController2    : info..........................
2022-06-21 08:42:38.954 ERROR 32180 --- [http-nio-8081-exec-9] com.example.demo.RouteController2    : error..........................
2022-06-21 08:42:39.114 INFO  32340 --- [http-nio-8081-exec-3] com.example.demo.RouteController2    : info..........................
2022-06-21 08:42:39.114 ERROR 32340 --- [http-nio-8081-exec-3] com.example.demo.RouteController2    : error..........................
2022-06-21 08:42:39.305 INFO  32531 --- [http-nio-8081-exec-7] com.example.demo.RouteController2    : info..........................
2022-06-21 08:42:39.305 ERROR 32531 --- [http-nio-8081-exec-7] com.example.demo.RouteController2    : error..........................
2022-06-21 08:42:39.466 INFO  32692 --- [http-nio-8081-exec-8] com.example.demo.RouteController2    : info..........................
2022-06-21 08:42:39.466 ERROR 32692 --- [http-nio-8081-exec-8] com.example.demo.RouteController2    : error..........................
2022-06-21 08:42:39.655 INFO  32881 --- [http-nio-8081-exec-4] com.example.demo.RouteController2    : info..........................
2022-06-21 08:42:39.655 ERROR 32881 --- [http-nio-8081-exec-4] com.example.demo.RouteController2    : error..........................
2022-06-21 08:42:39.818 INFO  33044 --- [http-nio-8081-exec-10] com.example.demo.RouteController2    : info..........................
2022-06-21 08:42:39.818 ERROR 33044 --- [http-nio-8081-exec-10] com.example.demo.RouteController2    : error..........................
2022-06-21 08:42:39.978 INFO  33204 --- [http-nio-8081-exec-1] com.example.demo.RouteController2    : info..........................
2022-06-21 08:42:39.978 ERROR 33204 --- [http-nio-8081-exec-1] com.example.demo.RouteController2    : error..........................
2022-06-21 08:42:40.178 INFO  33404 --- [http-nio-8081-exec-2] com.example.demo.RouteController2    : info..........................
2022-06-21 08:42:40.178 ERROR 33404 --- [http-nio-8081-exec-2] com.example.demo.RouteController2    : error..........................
2022-06-21 08:42:42.971 INFO  36197 --- [http-nio-8081-exec-9] com.example.demo.RouteController2    : info..........................
2022-06-21 08:42:42.971 ERROR 36197 --- [http-nio-8081-exec-9] com.example.demo.RouteController2    : error..........................
2022-06-21 08:42:46.970 INFO  40196 --- [http-nio-8081-exec-3] com.example.demo.RouteController2    : info..........................
2022-06-21 08:42:46.970 ERROR 40196 --- [http-nio-8081-exec-3] com.example.demo.RouteController2    : error..........................
2022-06-21 08:42:48.970 INFO  42196 --- [http-nio-8081-exec-6] com.example.demo.RouteController2    : info..........................
2022-06-21 08:42:48.970 ERROR 42196 --- [http-nio-8081-exec-6] com.example.demo.RouteController2    : error..........................
2022-06-21 08:42:49.403 INFO  42629 --- [http-nio-8081-exec-8] com.example.demo.RouteController2    : info..........................
2022-06-21 08:42:49.403 ERROR 42629 --- [http-nio-8081-exec-8] com.example.demo.RouteController2    : error..........................
2022-06-21 08:42:49.642 INFO  42868 --- [http-nio-8081-exec-4] com.example.demo.RouteController2    : info..........................
2022-06-21 08:42:49.642 ERROR 42868 --- [http-nio-8081-exec-4] com.example.demo.RouteController2    : error..........................
2022-06-21 08:42:49.849 INFO  43075 --- [http-nio-8081-exec-10] com.example.demo.RouteController2    : info..........................
2022-06-21 08:42:49.849 ERROR 43075 --- [http-nio-8081-exec-10] com.example.demo.RouteController2    : error..........................
2022-06-21 08:42:50.071 INFO  43297 --- [http-nio-8081-exec-1] com.example.demo.RouteController2    : info..........................
2022-06-21 08:42:50.071 ERROR 43297 --- [http-nio-8081-exec-1] com.example.demo.RouteController2    : error..........................
2022-06-21 08:42:50.283 INFO  43509 --- [http-nio-8081-exec-2] com.example.demo.RouteController2    : info..........................
2022-06-21 08:42:50.283 ERROR 43509 --- [http-nio-8081-exec-2] com.example.demo.RouteController2    : error..........................
2022-06-21 08:42:50.472 INFO  43698 --- [http-nio-8081-exec-9] com.example.demo.RouteController2    : info..........................
2022-06-21 08:42:50.472 ERROR 43698 --- [http-nio-8081-exec-9] com.example.demo.RouteController2    : error..........................
2022-06-21 08:42:50.665 INFO  43891 --- [http-nio-8081-exec-3] com.example.demo.RouteController2    : info..........................
2022-06-21 08:42:50.665 ERROR 43891 --- [http-nio-8081-exec-3] com.example.demo.RouteController2    : error..........................
2022-06-21 08:42:50.890 INFO  44116 --- [http-nio-8081-exec-6] com.example.demo.RouteController2    : info..........................
2022-06-21 08:42:50.890 ERROR 44116 --- [http-nio-8081-exec-6] com.example.demo.RouteController2    : error..........................
2022-06-21 08:42:51.081 INFO  44307 --- [http-nio-8081-exec-7] com.example.demo.RouteController2    : info..........................
2022-06-21 08:42:51.081 ERROR 44307 --- [http-nio-8081-exec-7] com.example.demo.RouteController2    : error..........................
2022-06-21 08:42:51.288 INFO  44514 --- [http-nio-8081-exec-5] com.example.demo.RouteController2    : info..........................
2022-06-21 08:42:51.288 ERROR 44514 --- [http-nio-8081-exec-5] com.example.demo.RouteController2    : error..........................
2022-06-21 08:42:51.493 INFO  44719 --- [http-nio-8081-exec-8] com.example.demo.RouteController2    : info..........................
2022-06-21 08:42:51.494 ERROR 44720 --- [http-nio-8081-exec-8] com.example.demo.RouteController2    : error..........................
2022-06-21 08:42:51.752 INFO  44978 --- [http-nio-8081-exec-4] com.example.demo.RouteController2    : info..........................
2022-06-21 08:42:51.752 ERROR 44978 --- [http-nio-8081-exec-4] com.example.demo.RouteController2    : error..........................
2022-06-21 08:42:51.975 INFO  45201 --- [http-nio-8081-exec-10] com.example.demo.RouteController2    : info..........................
2022-06-21 08:42:51.975 ERROR 45201 --- [http-nio-8081-exec-10] com.example.demo.RouteController2    : error..........................
2022-06-21 08:42:52.186 INFO  45412 --- [http-nio-8081-exec-1] com.example.demo.RouteController2    : info..........................
2022-06-21 08:42:52.186 ERROR 45412 --- [http-nio-8081-exec-1] com.example.demo.RouteController2    : error..........................
2022-06-21 08:42:52.377 INFO  45603 --- [http-nio-8081-exec-2] com.example.demo.RouteController2    : info..........................
2022-06-21 08:42:52.377 ERROR 45603 --- [http-nio-8081-exec-2] com.example.demo.RouteController2    : error..........................
2022-06-21 08:42:52.553 INFO  45779 --- [http-nio-8081-exec-9] com.example.demo.RouteController2    : info..........................
2022-06-21 08:42:52.553 ERROR 45779 --- [http-nio-8081-exec-9] com.example.demo.RouteController2    : error..........................
2022-06-21 08:42:52.729 INFO  45955 --- [http-nio-8081-exec-3] com.example.demo.RouteController2    : info..........................
2022-06-21 08:42:52.729 ERROR 45955 --- [http-nio-8081-exec-3] com.example.demo.RouteController2    : error..........................
2022-06-21 08:42:52.920 INFO  46146 --- [http-nio-8081-exec-6] com.example.demo.RouteController2    : info..........................
2022-06-21 08:42:52.920 ERROR 46146 --- [http-nio-8081-exec-6] com.example.demo.RouteController2    : error..........................
2022-06-21 08:42:54.714 INFO  47940 --- [http-nio-8081-exec-7] com.example.demo.RouteController2    : info..........................
2022-06-21 08:42:54.714 ERROR 47940 --- [http-nio-8081-exec-7] com.example.demo.RouteController2    : error..........................
2022-06-21 08:42:54.936 INFO  48162 --- [http-nio-8081-exec-5] com.example.demo.RouteController2    : info..........................
2022-06-21 08:42:54.936 ERROR 48162 --- [http-nio-8081-exec-5] com.example.demo.RouteController2    : error..........................
2022-06-21 08:42:55.126 INFO  48352 --- [http-nio-8081-exec-8] com.example.demo.RouteController2    : info..........................
2022-06-21 08:42:55.126 ERROR 48352 --- [http-nio-8081-exec-8] com.example.demo.RouteController2    : error..........................
2022-06-21 08:42:55.322 INFO  48548 --- [http-nio-8081-exec-4] com.example.demo.RouteController2    : info..........................
2022-06-21 08:42:55.322 ERROR 48548 --- [http-nio-8081-exec-4] com.example.demo.RouteController2    : error..........................
2022-06-21 08:42:55.530 INFO  48756 --- [http-nio-8081-exec-10] com.example.demo.RouteController2    : info..........................
2022-06-21 08:42:55.530 ERROR 48756 --- [http-nio-8081-exec-10] com.example.demo.RouteController2    : error..........................
2022-06-21 08:42:55.738 INFO  48964 --- [http-nio-8081-exec-1] com.example.demo.RouteController2    : info..........................
2022-06-21 08:42:55.738 ERROR 48964 --- [http-nio-8081-exec-1] com.example.demo.RouteController2    : error..........................
2022-06-21 08:42:56.089 INFO  49315 --- [http-nio-8081-exec-2] com.example.demo.RouteController2    : info..........................
2022-06-21 08:42:56.089 ERROR 49315 --- [http-nio-8081-exec-2] com.example.demo.RouteController2    : error..........................
2022-06-21 08:42:56.280 INFO  49506 --- [http-nio-8081-exec-9] com.example.demo.RouteController2    : info..........................
2022-06-21 08:42:56.280 ERROR 49506 --- [http-nio-8081-exec-9] com.example.demo.RouteController2    : error..........................
2022-06-21 08:42:56.457 INFO  49683 --- [http-nio-8081-exec-3] com.example.demo.RouteController2    : info..........................
2022-06-21 08:42:56.457 ERROR 49683 --- [http-nio-8081-exec-3] com.example.demo.RouteController2    : error..........................
2022-06-21 08:42:56.633 INFO  49859 --- [http-nio-8081-exec-6] com.example.demo.RouteController2    : info..........................
2022-06-21 08:42:56.633 ERROR 49859 --- [http-nio-8081-exec-6] com.example.demo.RouteController2    : error..........................
2022-06-21 08:42:56.842 INFO  50068 --- [http-nio-8081-exec-7] com.example.demo.RouteController2    : info..........................
2022-06-21 08:42:56.843 ERROR 50069 --- [http-nio-8081-exec-7] com.example.demo.RouteController2    : error..........................
2022-06-21 08:42:57.049 INFO  50275 --- [http-nio-8081-exec-5] com.example.demo.RouteController2    : info..........................
2022-06-21 08:42:57.049 ERROR 50275 --- [http-nio-8081-exec-5] com.example.demo.RouteController2    : error..........................
2022-06-21 08:42:57.323 INFO  50549 --- [http-nio-8081-exec-8] com.example.demo.RouteController2    : info..........................
2022-06-21 08:42:57.323 ERROR 50549 --- [http-nio-8081-exec-8] com.example.demo.RouteController2    : error..........................
2022-06-21 08:42:57.497 INFO  50723 --- [http-nio-8081-exec-4] com.example.demo.RouteController2    : info..........................
2022-06-21 08:42:57.497 ERROR 50723 --- [http-nio-8081-exec-4] com.example.demo.RouteController2    : error..........................
2022-06-21 08:42:59.529 INFO  52755 --- [http-nio-8081-exec-2] com.example.demo.RouteController2    : info..........................
2022-06-21 08:42:59.529 ERROR 52755 --- [http-nio-8081-exec-2] com.example.demo.RouteController2    : error..........................
2022-06-21 08:43:02.282 INFO  55508 --- [http-nio-8081-exec-9] com.example.demo.RouteController2    : info..........................
2022-06-21 08:43:02.282 ERROR 55508 --- [http-nio-8081-exec-9] com.example.demo.RouteController2    : error..........................
2022-06-21 08:43:03.721 INFO  56947 --- [http-nio-8081-exec-3] com.example.demo.RouteController2    : info..........................
2022-06-21 08:43:03.721 ERROR 56947 --- [http-nio-8081-exec-3] com.example.demo.RouteController2    : error..........................
2022-06-21 08:43:05.275 INFO  58501 --- [http-nio-8081-exec-6] com.example.demo.RouteController2    : info..........................
2022-06-21 08:43:05.275 ERROR 58501 --- [http-nio-8081-exec-6] com.example.demo.RouteController2    : error..........................
2022-06-21 08:43:05.993 INFO  59219 --- [http-nio-8081-exec-7] com.example.demo.RouteController2    : info..........................
2022-06-21 08:43:05.993 ERROR 59219 --- [http-nio-8081-exec-7] com.example.demo.RouteController2    : error..........................
2022-06-21 08:43:06.602 INFO  59828 --- [http-nio-8081-exec-5] com.example.demo.RouteController2    : info..........................
2022-06-21 08:43:06.602 ERROR 59828 --- [http-nio-8081-exec-5] com.example.demo.RouteController2    : error..........................
2022-06-21 08:43:07.163 INFO  60389 --- [http-nio-8081-exec-8] com.example.demo.RouteController2    : info..........................
2022-06-21 08:43:07.163 ERROR 60389 --- [http-nio-8081-exec-8] com.example.demo.RouteController2    : error..........................
2022-06-21 08:43:07.881 INFO  61107 --- [http-nio-8081-exec-4] com.example.demo.RouteController2    : info..........................
2022-06-21 08:43:07.881 ERROR 61107 --- [http-nio-8081-exec-4] com.example.demo.RouteController2    : error..........................
2022-06-21 08:43:08.569 INFO  61795 --- [http-nio-8081-exec-10] com.example.demo.RouteController2    : info..........................
2022-06-21 08:43:08.569 ERROR 61795 --- [http-nio-8081-exec-10] com.example.demo.RouteController2    : error..........................
2022-06-21 08:43:11.000 INFO  64226 --- [http-nio-8081-exec-9] com.example.demo.RouteController2    : info..........................
2022-06-21 08:43:11.000 ERROR 64226 --- [http-nio-8081-exec-9] com.example.demo.RouteController2    : error..........................
2022-06-21 08:43:13.194 INFO  66420 --- [http-nio-8081-exec-3] com.example.demo.RouteController2    : info..........................
2022-06-21 08:43:13.194 ERROR 66420 --- [http-nio-8081-exec-3] com.example.demo.RouteController2    : error..........................
2022-06-21 08:43:14.729 INFO  67955 --- [http-nio-8081-exec-6] com.example.demo.RouteController2    : info..........................
2022-06-21 08:43:14.729 ERROR 67955 --- [http-nio-8081-exec-6] com.example.demo.RouteController2    : error..........................
2022-06-21 08:43:16.170 INFO  69396 --- [http-nio-8081-exec-7] com.example.demo.RouteController2    : info..........................
2022-06-21 08:43:16.170 ERROR 69396 --- [http-nio-8081-exec-7] com.example.demo.RouteController2    : error..........................
2022-06-21 08:43:17.306 INFO  70532 --- [http-nio-8081-exec-5] com.example.demo.RouteController2    : info..........................
2022-06-21 08:43:17.306 ERROR 70532 --- [http-nio-8081-exec-5] com.example.demo.RouteController2    : error..........................
2022-06-21 08:43:18.314 INFO  71540 --- [http-nio-8081-exec-8] com.example.demo.RouteController2    : info..........................
2022-06-21 08:43:18.314 ERROR 71540 --- [http-nio-8081-exec-8] com.example.demo.RouteController2    : error..........................
2022-06-21 08:43:19.209 INFO  72435 --- [http-nio-8081-exec-4] com.example.demo.RouteController2    : info..........................
2022-06-21 08:43:19.209 ERROR 72435 --- [http-nio-8081-exec-4] com.example.demo.RouteController2    : error..........................
2022-06-21 08:43:20.570 INFO  73796 --- [http-nio-8081-exec-1] com.example.demo.RouteController2    : info..........................
2022-06-21 08:43:20.570 ERROR 73796 --- [http-nio-8081-exec-1] com.example.demo.RouteController2    : error..........................
2022-06-21 08:43:21.594 INFO  74820 --- [http-nio-8081-exec-9] com.example.demo.RouteController2    : info..........................
2022-06-21 08:43:21.594 ERROR 74820 --- [http-nio-8081-exec-9] com.example.demo.RouteController2    : error..........................
2022-06-21 08:43:22.713 INFO  75939 --- [http-nio-8081-exec-3] com.example.demo.RouteController2    : info..........................
2022-06-21 08:43:22.713 ERROR 75939 --- [http-nio-8081-exec-3] com.example.demo.RouteController2    : error..........................
2022-06-21 08:43:24.330 INFO  77556 --- [http-nio-8081-exec-6] com.example.demo.RouteController2    : info..........................
2022-06-21 08:43:24.331 ERROR 77557 --- [http-nio-8081-exec-6] com.example.demo.RouteController2    : error..........................
2022-06-21 08:43:25.401 INFO  78627 --- [http-nio-8081-exec-7] com.example.demo.RouteController2    : info..........................
2022-06-21 08:43:25.401 ERROR 78627 --- [http-nio-8081-exec-7] com.example.demo.RouteController2    : error..........................
2022-06-21 08:43:29.944 INFO  83170 --- [http-nio-8081-exec-4] com.example.demo.RouteController2    : info..........................
2022-06-21 08:43:29.944 ERROR 83170 --- [http-nio-8081-exec-4] com.example.demo.RouteController2    : error..........................
2022-06-21 08:43:32.822 INFO  86048 --- [http-nio-8081-exec-2] com.example.demo.RouteController2    : info..........................
2022-06-21 08:43:32.822 ERROR 86048 --- [http-nio-8081-exec-2] com.example.demo.RouteController2    : error..........................
2022-06-21 08:43:34.873 INFO  88099 --- [http-nio-8081-exec-10] com.example.demo.RouteController2    : info..........................
2022-06-21 08:43:34.873 ERROR 88099 --- [http-nio-8081-exec-10] com.example.demo.RouteController2    : error..........................
2022-06-21 08:43:36.121 INFO  89347 --- [http-nio-8081-exec-1] com.example.demo.RouteController2    : info..........................
2022-06-21 08:43:36.122 ERROR 89348 --- [http-nio-8081-exec-1] com.example.demo.RouteController2    : error..........................
2022-06-21 08:43:37.225 INFO  90451 --- [http-nio-8081-exec-9] com.example.demo.RouteController2    : info..........................
2022-06-21 08:43:37.225 ERROR 90451 --- [http-nio-8081-exec-9] com.example.demo.RouteController2    : error..........................
2022-06-21 08:43:38.778 INFO  92004 --- [http-nio-8081-exec-3] com.example.demo.RouteController2    : info..........................
2022-06-21 08:43:38.778 ERROR 92004 --- [http-nio-8081-exec-3] com.example.demo.RouteController2    : error..........................
2022-06-21 08:43:40.235 INFO  93461 --- [http-nio-8081-exec-8] com.example.demo.RouteController2    : info..........................
2022-06-21 08:43:40.235 ERROR 93461 --- [http-nio-8081-exec-8] com.example.demo.RouteController2    : error..........................
2022-06-21 08:43:42.837 INFO  96063 --- [http-nio-8081-exec-5] com.example.demo.RouteController2    : info..........................
2022-06-21 08:43:42.838 ERROR 96064 --- [http-nio-8081-exec-5] com.example.demo.RouteController2    : error..........................
2022-06-21 08:43:44.616 INFO  97842 --- [http-nio-8081-exec-4] com.example.demo.RouteController2    : info..........................
2022-06-21 08:43:44.616 ERROR 97842 --- [http-nio-8081-exec-4] com.example.demo.RouteController2    : error..........................
2022-06-21 08:43:46.394 INFO  99620 --- [http-nio-8081-exec-2] com.example.demo.RouteController2    : info..........................
2022-06-21 08:43:46.394 ERROR 99620 --- [http-nio-8081-exec-2] com.example.demo.RouteController2    : error..........................
2022-06-21 08:43:47.978 INFO  101204 --- [http-nio-8081-exec-10] com.example.demo.RouteController2    : info..........................
2022-06-21 08:43:47.978 ERROR 101204 --- [http-nio-8081-exec-10] com.example.demo.RouteController2    : error..........................
2022-06-21 08:43:49.834 INFO  103060 --- [http-nio-8081-exec-3] com.example.demo.RouteController2    : info..........................
2022-06-21 08:43:49.834 ERROR 103060 --- [http-nio-8081-exec-3] com.example.demo.RouteController2    : error..........................
2022-06-21 08:43:51.018 INFO  104244 --- [http-nio-8081-exec-6] com.example.demo.RouteController2    : info..........................
2022-06-21 08:43:51.018 ERROR 104244 --- [http-nio-8081-exec-6] com.example.demo.RouteController2    : error..........................
2022-06-21 08:43:52.105 INFO  105331 --- [http-nio-8081-exec-7] com.example.demo.RouteController2    : info..........................
2022-06-21 08:43:52.105 ERROR 105331 --- [http-nio-8081-exec-7] com.example.demo.RouteController2    : error..........................
2022-06-21 08:43:53.897 INFO  107123 --- [http-nio-8081-exec-8] com.example.demo.RouteController2    : info..........................
2022-06-21 08:43:53.897 ERROR 107123 --- [http-nio-8081-exec-8] com.example.demo.RouteController2    : error..........................
2022-06-21 08:43:57.239 INFO  110465 --- [http-nio-8081-exec-5] com.example.demo.RouteController2    : info..........................
2022-06-21 08:43:57.239 ERROR 110465 --- [http-nio-8081-exec-5] com.example.demo.RouteController2    : error..........................
2022-06-21 08:44:36.213 INFO 0     --- [http-nio-8081-exec-1] com.example.demo.RouteController2    : info..........................
2022-06-21 08:44:36.215 ERROR 2     --- [http-nio-8081-exec-1] com.example.demo.RouteController2    : error..........................
2022-06-21 08:44:37.834 INFO 1621  --- [http-nio-8081-exec-4] com.example.demo.RouteController2    : info..........................
2022-06-21 08:44:37.835 ERROR 1622  --- [http-nio-8081-exec-4] com.example.demo.RouteController2    : error..........................
2022-06-21 08:44:38.730 INFO 2517  --- [http-nio-8081-exec-3] com.example.demo.RouteController2    : info..........................
2022-06-21 08:44:38.730 ERROR 2517  --- [http-nio-8081-exec-3] com.example.demo.RouteController2    : error..........................
2022-06-21 08:44:40.182 INFO 3969  --- [http-nio-8081-exec-5] com.example.demo.RouteController2    : info..........................
2022-06-21 08:44:40.182 ERROR 3969  --- [http-nio-8081-exec-5] com.example.demo.RouteController2    : error..........................
2022-06-21 08:44:41.626 INFO 5413  --- [http-nio-8081-exec-7] com.example.demo.RouteController2    : info..........................
2022-06-21 08:44:41.626 ERROR 5413  --- [http-nio-8081-exec-7] com.example.demo.RouteController2    : error..........................
2022-06-21 08:44:55.749 INFO 0     --- [http-nio-8081-exec-1] com.example.demo.RouteController2    : info..........................
2022-06-21 08:44:55.749 ERROR 0     --- [http-nio-8081-exec-1] com.example.demo.RouteController2    : error..........................
2022-06-21 08:44:57.802 INFO 2053  --- [http-nio-8081-exec-6] com.example.demo.RouteController2    : info..........................
2022-06-21 08:44:57.802 ERROR 2053  --- [http-nio-8081-exec-6] com.example.demo.RouteController2    : error..........................
2022-06-21 08:44:58.970 INFO 3221  --- [http-nio-8081-exec-3] com.example.demo.RouteController2    : info..........................
2022-06-21 08:44:58.970 ERROR 3221  --- [http-nio-8081-exec-3] com.example.demo.RouteController2    : error..........................
2022-06-21 08:45:00.010 INFO 4261  --- [http-nio-8081-exec-2] com.example.demo.RouteController2    : info..........................
2022-06-21 08:45:00.010 ERROR 4261  --- [http-nio-8081-exec-2] com.example.demo.RouteController2    : error..........................
2022-06-21 08:45:00.970 INFO 5221  --- [http-nio-8081-exec-7] com.example.demo.RouteController2    : info..........................
2022-06-21 08:45:00.970 ERROR 5221  --- [http-nio-8081-exec-7] com.example.demo.RouteController2    : error..........................
2022-06-21 08:45:01.930 INFO 6181  --- [http-nio-8081-exec-8] com.example.demo.RouteController2    : info..........................
2022-06-21 08:45:01.930 ERROR 6181  --- [http-nio-8081-exec-8] com.example.demo.RouteController2    : error..........................
2022-06-21 08:45:02.761 INFO 7012  --- [http-nio-8081-exec-9] com.example.demo.RouteController2    : info..........................
2022-06-21 08:45:02.761 ERROR 7012  --- [http-nio-8081-exec-9] com.example.demo.RouteController2    : error..........................
2022-06-21 08:45:04.777 INFO 9028  --- [http-nio-8081-exec-10] com.example.demo.RouteController2    : info..........................
2022-06-21 08:45:04.778 ERROR 9029  --- [http-nio-8081-exec-10] com.example.demo.RouteController2    : error..........................
2022-06-21 08:45:06.122 INFO 10373 --- [http-nio-8081-exec-1] com.example.demo.RouteController2    : info..........................
2022-06-21 08:45:06.122 ERROR 10373 --- [http-nio-8081-exec-1] com.example.demo.RouteController2    : error..........................
2022-06-21 08:50:54.075 INFO  0     --- [http-nio-8081-exec-1] com.example.demo.RouteController2    : info..........................
2022-06-21 08:50:54.076 ERROR 1     --- [http-nio-8081-exec-1] com.example.demo.RouteController2    : error..........................
