2022-06-20 14:59:46.404  INFO 8076 --- [restartedMain] com.example.demo.DemoApplication         : Starting DemoApplication using Java 1.8.0_202 on SHLV8022002LP01 with PID 8076 (D:\WORK\demoDeployJBoss\demo\target\classes started by 8022002 in D:\WORK\demoDeployJBoss\demo)
2022-06-20 14:59:46.405  INFO 8076 --- [restartedMain] com.example.demo.DemoApplication         : No active profile set, falling back to 1 default profile: "default"
2022-06-20 14:59:46.436  INFO 8076 --- [restartedMain] .e.DevToolsPropertyDefaultsPostProcessor : Devtools property defaults active! Set 'spring.devtools.add-properties' to 'false' to disable
2022-06-20 14:59:47.042  INFO 8076 --- [restartedMain] o.s.b.w.embedded.tomcat.TomcatWebServer  : Tomcat initialized with port(s): 8081 (http)
2022-06-20 14:59:47.049  INFO 8076 --- [restartedMain] o.apache.catalina.core.StandardService   : Starting service [Tomcat]
2022-06-20 14:59:47.049  INFO 8076 --- [restartedMain] org.apache.catalina.core.StandardEngine  : Starting Servlet engine: [Apache Tomcat/9.0.63]
2022-06-20 14:59:47.106  INFO 8076 --- [restartedMain] o.a.c.c.C.[Tomcat].[localhost].[/]       : Initializing Spring embedded WebApplicationContext
2022-06-20 14:59:47.107  INFO 8076 --- [restartedMain] w.s.c.ServletWebServerApplicationContext : Root WebApplicationContext: initialization completed in 670 ms
2022-06-20 14:59:47.299  INFO 8076 --- [restartedMain] o.s.b.d.a.OptionalLiveReloadServer       : LiveReload server is running on port 35729
2022-06-20 14:59:47.318  INFO 8076 --- [restartedMain] o.s.b.w.embedded.tomcat.TomcatWebServer  : Tomcat started on port(s): 8081 (http) with context path ''
2022-06-20 14:59:47.325  INFO 8076 --- [restartedMain] com.example.demo.DemoApplication         : Started DemoApplication in 1.188 seconds (JVM running for 1.932)
2022-06-20 15:00:18.674  INFO 18760 --- [restartedMain] com.example.demo.DemoApplication         : Starting DemoApplication using Java 1.8.0_202 on SHLV8022002LP01 with PID 18760 (D:\WORK\demoDeployJBoss\demo\target\classes started by 8022002 in D:\WORK\demoDeployJBoss\demo)
2022-06-20 15:00:18.675  INFO 18760 --- [restartedMain] com.example.demo.DemoApplication         : No active profile set, falling back to 1 default profile: "default"
2022-06-20 15:00:18.706  INFO 18760 --- [restartedMain] .e.DevToolsPropertyDefaultsPostProcessor : Devtools property defaults active! Set 'spring.devtools.add-properties' to 'false' to disable
2022-06-20 15:00:19.320  INFO 18760 --- [restartedMain] o.s.b.w.embedded.tomcat.TomcatWebServer  : Tomcat initialized with port(s): 8081 (http)
2022-06-20 15:00:19.326  INFO 18760 --- [restartedMain] o.apache.catalina.core.StandardService   : Starting service [Tomcat]
2022-06-20 15:00:19.326  INFO 18760 --- [restartedMain] org.apache.catalina.core.StandardEngine  : Starting Servlet engine: [Apache Tomcat/9.0.63]
2022-06-20 15:00:19.387  INFO 18760 --- [restartedMain] o.a.c.c.C.[Tomcat].[localhost].[/]       : Initializing Spring embedded WebApplicationContext
2022-06-20 15:00:19.387  INFO 18760 --- [restartedMain] w.s.c.ServletWebServerApplicationContext : Root WebApplicationContext: initialization completed in 680 ms
2022-06-20 15:00:19.577  INFO 18760 --- [restartedMain] o.s.b.d.a.OptionalLiveReloadServer       : LiveReload server is running on port 35729
2022-06-20 15:00:19.597  INFO 18760 --- [restartedMain] o.s.b.w.embedded.tomcat.TomcatWebServer  : Tomcat started on port(s): 8081 (http) with context path ''
2022-06-20 15:00:19.604  INFO 18760 --- [restartedMain] com.example.demo.DemoApplication         : Started DemoApplication in 1.196 seconds (JVM running for 1.953)
2022-06-20 15:00:31.620  INFO 18760 --- [http-nio-8081-exec-1] o.a.c.c.C.[Tomcat].[localhost].[/]       : Initializing Spring DispatcherServlet 'dispatcherServlet'
2022-06-20 15:00:31.620  INFO 18760 --- [http-nio-8081-exec-1] o.s.web.servlet.DispatcherServlet        : Initializing Servlet 'dispatcherServlet'
2022-06-20 15:00:31.621  INFO 18760 --- [http-nio-8081-exec-1] o.s.web.servlet.DispatcherServlet        : Completed initialization in 1 ms
2022-06-20 15:01:13.975  INFO 17172 --- [restartedMain] com.example.demo.DemoApplication         : Starting DemoApplication using Java 1.8.0_202 on SHLV8022002LP01 with PID 17172 (D:\WORK\demoDeployJBoss\demo\target\classes started by 8022002 in D:\WORK\demoDeployJBoss\demo)
2022-06-20 15:01:13.976  INFO 17172 --- [restartedMain] com.example.demo.DemoApplication         : No active profile set, falling back to 1 default profile: "default"
2022-06-20 15:01:14.007  INFO 17172 --- [restartedMain] .e.DevToolsPropertyDefaultsPostProcessor : Devtools property defaults active! Set 'spring.devtools.add-properties' to 'false' to disable
2022-06-20 15:01:14.649  INFO 17172 --- [restartedMain] o.s.b.w.embedded.tomcat.TomcatWebServer  : Tomcat initialized with port(s): 8081 (http)
2022-06-20 15:01:14.655  INFO 17172 --- [restartedMain] o.apache.catalina.core.StandardService   : Starting service [Tomcat]
2022-06-20 15:01:14.655  INFO 17172 --- [restartedMain] org.apache.catalina.core.StandardEngine  : Starting Servlet engine: [Apache Tomcat/9.0.63]
2022-06-20 15:01:14.715  INFO 17172 --- [restartedMain] o.a.c.c.C.[Tomcat].[localhost].[/]       : Initializing Spring embedded WebApplicationContext
2022-06-20 15:01:14.715  INFO 17172 --- [restartedMain] w.s.c.ServletWebServerApplicationContext : Root WebApplicationContext: initialization completed in 708 ms
2022-06-20 15:01:14.904  INFO 17172 --- [restartedMain] o.s.b.d.a.OptionalLiveReloadServer       : LiveReload server is running on port 35729
2022-06-20 15:01:14.924  INFO 17172 --- [restartedMain] o.s.b.w.embedded.tomcat.TomcatWebServer  : Tomcat started on port(s): 8081 (http) with context path ''
2022-06-20 15:01:14.932  INFO 17172 --- [restartedMain] com.example.demo.DemoApplication         : Started DemoApplication in 1.224 seconds (JVM running for 1.983)
2022-06-20 15:05:50.871  INFO 17172 --- [http-nio-8081-exec-1] o.a.c.c.C.[Tomcat].[localhost].[/]       : Initializing Spring DispatcherServlet 'dispatcherServlet'
2022-06-20 15:05:50.872  INFO 17172 --- [http-nio-8081-exec-1] o.s.web.servlet.DispatcherServlet        : Initializing Servlet 'dispatcherServlet'
2022-06-20 15:05:50.872  INFO 17172 --- [http-nio-8081-exec-1] o.s.web.servlet.DispatcherServlet        : Completed initialization in 0 ms
2022-06-20 15:10:29.961  INFO 15576 --- [restartedMain] com.example.demo.DemoApplication         : Starting DemoApplication using Java 1.8.0_202 on SHLV8022002LP01 with PID 15576 (D:\WORK\demoDeployJBoss\demo\target\classes started by 8022002 in D:\WORK\demoDeployJBoss\demo)
2022-06-20 15:10:29.962  INFO 15576 --- [restartedMain] com.example.demo.DemoApplication         : No active profile set, falling back to 1 default profile: "default"
2022-06-20 15:10:29.995  INFO 15576 --- [restartedMain] .e.DevToolsPropertyDefaultsPostProcessor : Devtools property defaults active! Set 'spring.devtools.add-properties' to 'false' to disable
2022-06-20 15:10:30.623  INFO 15576 --- [restartedMain] o.s.b.w.embedded.tomcat.TomcatWebServer  : Tomcat initialized with port(s): 8081 (http)
2022-06-20 15:10:30.629  INFO 15576 --- [restartedMain] o.apache.catalina.core.StandardService   : Starting service [Tomcat]
2022-06-20 15:10:30.630  INFO 15576 --- [restartedMain] org.apache.catalina.core.StandardEngine  : Starting Servlet engine: [Apache Tomcat/9.0.63]
2022-06-20 15:10:30.702  INFO 15576 --- [restartedMain] o.a.c.c.C.[Tomcat].[localhost].[/]       : Initializing Spring embedded WebApplicationContext
2022-06-20 15:10:30.702  INFO 15576 --- [restartedMain] w.s.c.ServletWebServerApplicationContext : Root WebApplicationContext: initialization completed in 706 ms
2022-06-20 15:10:30.900  INFO 15576 --- [restartedMain] o.s.b.d.a.OptionalLiveReloadServer       : LiveReload server is running on port 35729
2022-06-20 15:10:30.920  INFO 15576 --- [restartedMain] o.s.b.w.embedded.tomcat.TomcatWebServer  : Tomcat started on port(s): 8081 (http) with context path ''
2022-06-20 15:10:30.927  INFO 15576 --- [restartedMain] com.example.demo.DemoApplication         : Started DemoApplication in 1.228 seconds (JVM running for 2.0)
2022-06-20 15:10:54.955  INFO 15576 --- [http-nio-8081-exec-1] o.a.c.c.C.[Tomcat].[localhost].[/]       : Initializing Spring DispatcherServlet 'dispatcherServlet'
2022-06-20 15:10:54.956  INFO 15576 --- [http-nio-8081-exec-1] o.s.web.servlet.DispatcherServlet        : Initializing Servlet 'dispatcherServlet'
2022-06-20 15:10:54.956  INFO 15576 --- [http-nio-8081-exec-1] o.s.web.servlet.DispatcherServlet        : Completed initialization in 0 ms
2022-06-20 15:11:23.232  INFO 4560 --- [restartedMain] com.example.demo.DemoApplication         : Starting DemoApplication using Java 1.8.0_202 on SHLV8022002LP01 with PID 4560 (D:\WORK\demoDeployJBoss\demo\target\classes started by 8022002 in D:\WORK\demoDeployJBoss\demo)
2022-06-20 15:11:23.233  INFO 4560 --- [restartedMain] com.example.demo.DemoApplication         : No active profile set, falling back to 1 default profile: "default"
2022-06-20 15:11:23.265  INFO 4560 --- [restartedMain] .e.DevToolsPropertyDefaultsPostProcessor : Devtools property defaults active! Set 'spring.devtools.add-properties' to 'false' to disable
2022-06-20 15:11:23.996  INFO 4560 --- [restartedMain] o.s.b.w.embedded.tomcat.TomcatWebServer  : Tomcat initialized with port(s): 8081 (http)
2022-06-20 15:11:24.003  INFO 4560 --- [restartedMain] o.apache.catalina.core.StandardService   : Starting service [Tomcat]
2022-06-20 15:11:24.003  INFO 4560 --- [restartedMain] org.apache.catalina.core.StandardEngine  : Starting Servlet engine: [Apache Tomcat/9.0.63]
2022-06-20 15:11:24.075  INFO 4560 --- [restartedMain] o.a.c.c.C.[Tomcat].[localhost].[/]       : Initializing Spring embedded WebApplicationContext
2022-06-20 15:11:24.075  INFO 4560 --- [restartedMain] w.s.c.ServletWebServerApplicationContext : Root WebApplicationContext: initialization completed in 809 ms
2022-06-20 15:11:24.287  INFO 4560 --- [restartedMain] o.s.b.d.a.OptionalLiveReloadServer       : LiveReload server is running on port 35729
2022-06-20 15:11:24.307  INFO 4560 --- [restartedMain] o.s.b.w.embedded.tomcat.TomcatWebServer  : Tomcat started on port(s): 8081 (http) with context path ''
2022-06-20 15:11:24.314  INFO 4560 --- [restartedMain] com.example.demo.DemoApplication         : Started DemoApplication in 1.383 seconds (JVM running for 2.177)
2022-06-20 15:11:25.315  INFO 4560 --- [http-nio-8081-exec-1] o.a.c.c.C.[Tomcat].[localhost].[/]       : Initializing Spring DispatcherServlet 'dispatcherServlet'
2022-06-20 15:11:25.315  INFO 4560 --- [http-nio-8081-exec-1] o.s.web.servlet.DispatcherServlet        : Initializing Servlet 'dispatcherServlet'
2022-06-20 15:11:25.316  INFO 4560 --- [http-nio-8081-exec-1] o.s.web.servlet.DispatcherServlet        : Completed initialization in 1 ms
2022-06-20 15:11:25.330  INFO 4560 --- [http-nio-8081-exec-1] com.example.demo.RouteController2        : info..........yeahyeah................
2022-06-20 15:11:31.266  INFO 4560 --- [http-nio-8081-exec-10] com.example.demo.RouteController2        : info..........yeahyeah................
2022-06-20 15:11:31.811  INFO 4560 --- [http-nio-8081-exec-2] com.example.demo.RouteController2        : info..........yeahyeah................
2022-06-20 15:11:32.044  INFO 4560 --- [http-nio-8081-exec-6] com.example.demo.RouteController2        : info..........yeahyeah................
2022-06-20 15:11:32.267  INFO 4560 --- [http-nio-8081-exec-7] com.example.demo.RouteController2        : info..........yeahyeah................
2022-06-20 15:11:32.479  INFO 4560 --- [http-nio-8081-exec-8] com.example.demo.RouteController2        : info..........yeahyeah................
2022-06-20 15:11:32.702  INFO 4560 --- [http-nio-8081-exec-9] com.example.demo.RouteController2        : info..........yeahyeah................
2022-06-20 15:11:32.907  INFO 4560 --- [http-nio-8081-exec-3] com.example.demo.RouteController2        : info..........yeahyeah................
2022-06-20 15:13:07.466  INFO 13620 --- [restartedMain] com.example.demo.DemoApplication         : Starting DemoApplication using Java 1.8.0_202 on SHLV8022002LP01 with PID 13620 (D:\WORK\demoDeployJBoss\demo\target\classes started by 8022002 in D:\WORK\demoDeployJBoss\demo)
2022-06-20 15:13:07.468  INFO 13620 --- [restartedMain] com.example.demo.DemoApplication         : No active profile set, falling back to 1 default profile: "default"
2022-06-20 15:13:07.507  INFO 13620 --- [restartedMain] .e.DevToolsPropertyDefaultsPostProcessor : Devtools property defaults active! Set 'spring.devtools.add-properties' to 'false' to disable
2022-06-20 15:13:08.134  INFO 13620 --- [restartedMain] o.s.b.w.embedded.tomcat.TomcatWebServer  : Tomcat initialized with port(s): 8081 (http)
2022-06-20 15:13:08.141  INFO 13620 --- [restartedMain] o.apache.catalina.core.StandardService   : Starting service [Tomcat]
2022-06-20 15:13:08.141  INFO 13620 --- [restartedMain] org.apache.catalina.core.StandardEngine  : Starting Servlet engine: [Apache Tomcat/9.0.63]
2022-06-20 15:13:08.209  INFO 13620 --- [restartedMain] o.a.c.c.C.[Tomcat].[localhost].[/]       : Initializing Spring embedded WebApplicationContext
2022-06-20 15:13:08.209  INFO 13620 --- [restartedMain] w.s.c.ServletWebServerApplicationContext : Root WebApplicationContext: initialization completed in 701 ms
2022-06-20 15:13:08.430  INFO 13620 --- [restartedMain] o.s.b.d.a.OptionalLiveReloadServer       : LiveReload server is running on port 35729
2022-06-20 15:13:08.450  INFO 13620 --- [restartedMain] o.s.b.w.embedded.tomcat.TomcatWebServer  : Tomcat started on port(s): 8081 (http) with context path ''
2022-06-20 15:13:08.457  INFO 13620 --- [restartedMain] com.example.demo.DemoApplication         : Started DemoApplication in 1.251 seconds (JVM running for 2.052)
2022-06-20 15:13:09.835  INFO 13620 --- [http-nio-8081-exec-1] o.a.c.c.C.[Tomcat].[localhost].[/]       : Initializing Spring DispatcherServlet 'dispatcherServlet'
2022-06-20 15:13:09.835  INFO 13620 --- [http-nio-8081-exec-1] o.s.web.servlet.DispatcherServlet        : Initializing Servlet 'dispatcherServlet'
2022-06-20 15:13:09.836  INFO 13620 --- [http-nio-8081-exec-1] o.s.web.servlet.DispatcherServlet        : Completed initialization in 1 ms
2022-06-20 15:13:09.852  INFO 13620 --- [http-nio-8081-exec-1] com.example.demo.RouteController2        : info..........yeahyeahhoooooooooo................
2022-06-20 16:54:06.217  INFO 10168 --- [restartedMain] com.example.demo.DemoApplication         : Starting DemoApplication using Java 1.8.0_202 on SHLV8022002LP01 with PID 10168 (D:\WORK\demoDeployJBoss\demo\target\classes started by 8022002 in D:\WORK\demoDeployJBoss\demo)
2022-06-20 16:54:06.217  INFO 10168 --- [restartedMain] com.example.demo.DemoApplication         : No active profile set, falling back to 1 default profile: "default"
2022-06-20 16:54:06.338  INFO 10168 --- [restartedMain] o.s.b.w.embedded.tomcat.TomcatWebServer  : Tomcat initialized with port(s): 8081 (http)
2022-06-20 16:54:06.339  INFO 10168 --- [restartedMain] o.apache.catalina.core.StandardService   : Starting service [Tomcat]
2022-06-20 16:54:06.339  INFO 10168 --- [restartedMain] org.apache.catalina.core.StandardEngine  : Starting Servlet engine: [Apache Tomcat/9.0.63]
2022-06-20 16:54:06.353  INFO 10168 --- [restartedMain] o.a.c.c.C.[Tomcat].[localhost].[/]       : Initializing Spring embedded WebApplicationContext
2022-06-20 16:54:06.353  INFO 10168 --- [restartedMain] w.s.c.ServletWebServerApplicationContext : Root WebApplicationContext: initialization completed in 134 ms
2022-06-20 16:54:06.383  INFO 10168 --- [restartedMain] o.s.b.d.a.OptionalLiveReloadServer       : LiveReload server is running on port 35729
2022-06-20 16:54:06.389  INFO 10168 --- [restartedMain] o.s.b.w.embedded.tomcat.TomcatWebServer  : Tomcat started on port(s): 8081 (http) with context path ''
2022-06-20 16:54:06.394  INFO 10168 --- [restartedMain] com.example.demo.DemoApplication         : Started DemoApplication in 0.216 seconds (JVM running for 4299.423)
2022-06-20 16:54:06.396  INFO 10168 --- [restartedMain] .ConditionEvaluationDeltaLoggingListener : Condition evaluation unchanged
2022-06-20 16:54:08.083  INFO 10168 --- [restartedMain] com.example.demo.DemoApplication         : Starting DemoApplication using Java 1.8.0_202 on SHLV8022002LP01 with PID 10168 (D:\WORK\demoDeployJBoss\demo\target\classes started by 8022002 in D:\WORK\demoDeployJBoss\demo)
2022-06-20 16:54:08.084  INFO 10168 --- [restartedMain] com.example.demo.DemoApplication         : No active profile set, falling back to 1 default profile: "default"
2022-06-20 16:54:08.170  INFO 10168 --- [restartedMain] o.s.b.w.embedded.tomcat.TomcatWebServer  : Tomcat initialized with port(s): 8081 (http)
2022-06-20 16:54:08.170  INFO 10168 --- [restartedMain] o.apache.catalina.core.StandardService   : Starting service [Tomcat]
2022-06-20 16:54:08.170  INFO 10168 --- [restartedMain] org.apache.catalina.core.StandardEngine  : Starting Servlet engine: [Apache Tomcat/9.0.63]
2022-06-20 16:54:08.181  INFO 10168 --- [restartedMain] o.a.c.c.C.[Tomcat].[localhost].[/]       : Initializing Spring embedded WebApplicationContext
2022-06-20 16:54:08.181  INFO 10168 --- [restartedMain] w.s.c.ServletWebServerApplicationContext : Root WebApplicationContext: initialization completed in 95 ms
2022-06-20 16:54:08.211  INFO 10168 --- [restartedMain] o.s.b.d.a.OptionalLiveReloadServer       : LiveReload server is running on port 35729
2022-06-20 16:54:08.216  INFO 10168 --- [restartedMain] o.s.b.w.embedded.tomcat.TomcatWebServer  : Tomcat started on port(s): 8081 (http) with context path ''
2022-06-20 16:54:08.220  INFO 10168 --- [restartedMain] com.example.demo.DemoApplication         : Started DemoApplication in 0.159 seconds (JVM running for 4301.248)
2022-06-20 16:54:08.220  INFO 10168 --- [restartedMain] .ConditionEvaluationDeltaLoggingListener : Condition evaluation unchanged
2022-06-20 16:56:04.735  INFO 10168 --- [restartedMain] com.example.demo.DemoApplication         : Starting DemoApplication using Java 1.8.0_202 on SHLV8022002LP01 with PID 10168 (D:\WORK\demoDeployJBoss\demo\target\classes started by 8022002 in D:\WORK\demoDeployJBoss\demo)
2022-06-20 16:56:04.736  INFO 10168 --- [restartedMain] com.example.demo.DemoApplication         : No active profile set, falling back to 1 default profile: "default"
2022-06-20 16:56:04.825  INFO 10168 --- [restartedMain] o.s.b.w.embedded.tomcat.TomcatWebServer  : Tomcat initialized with port(s): 8081 (http)
2022-06-20 16:56:04.825  INFO 10168 --- [restartedMain] o.apache.catalina.core.StandardService   : Starting service [Tomcat]
2022-06-20 16:56:04.826  INFO 10168 --- [restartedMain] org.apache.catalina.core.StandardEngine  : Starting Servlet engine: [Apache Tomcat/9.0.63]
2022-06-20 16:56:04.840  INFO 10168 --- [restartedMain] o.a.c.c.C.[Tomcat].[localhost].[/]       : Initializing Spring embedded WebApplicationContext
2022-06-20 16:56:04.841  INFO 10168 --- [restartedMain] w.s.c.ServletWebServerApplicationContext : Root WebApplicationContext: initialization completed in 104 ms
2022-06-20 16:56:04.878  INFO 10168 --- [restartedMain] o.s.b.d.a.OptionalLiveReloadServer       : LiveReload server is running on port 35729
2022-06-20 16:56:04.885  INFO 10168 --- [restartedMain] o.s.b.w.embedded.tomcat.TomcatWebServer  : Tomcat started on port(s): 8081 (http) with context path ''
2022-06-20 16:56:04.889  INFO 10168 --- [restartedMain] com.example.demo.DemoApplication         : Started DemoApplication in 0.172 seconds (JVM running for 4417.917)
2022-06-20 16:56:04.890  INFO 10168 --- [restartedMain] .ConditionEvaluationDeltaLoggingListener : Condition evaluation unchanged
2022-06-20 16:56:06.629  INFO 10168 --- [restartedMain] com.example.demo.DemoApplication         : Starting DemoApplication using Java 1.8.0_202 on SHLV8022002LP01 with PID 10168 (D:\WORK\demoDeployJBoss\demo\target\classes started by 8022002 in D:\WORK\demoDeployJBoss\demo)
2022-06-20 16:56:06.629  INFO 10168 --- [restartedMain] com.example.demo.DemoApplication         : No active profile set, falling back to 1 default profile: "default"
2022-06-20 16:56:06.763  INFO 10168 --- [restartedMain] o.s.b.w.embedded.tomcat.TomcatWebServer  : Tomcat initialized with port(s): 8081 (http)
2022-06-20 16:56:06.763  INFO 10168 --- [restartedMain] o.apache.catalina.core.StandardService   : Starting service [Tomcat]
2022-06-20 16:56:06.763  INFO 10168 --- [restartedMain] org.apache.catalina.core.StandardEngine  : Starting Servlet engine: [Apache Tomcat/9.0.63]
2022-06-20 16:56:06.775  INFO 10168 --- [restartedMain] o.a.c.c.C.[Tomcat].[localhost].[/]       : Initializing Spring embedded WebApplicationContext
2022-06-20 16:56:06.775  INFO 10168 --- [restartedMain] w.s.c.ServletWebServerApplicationContext : Root WebApplicationContext: initialization completed in 144 ms
2022-06-20 16:56:06.816  INFO 10168 --- [restartedMain] o.s.b.d.a.OptionalLiveReloadServer       : LiveReload server is running on port 35729
2022-06-20 16:56:06.824  INFO 10168 --- [restartedMain] o.s.b.w.embedded.tomcat.TomcatWebServer  : Tomcat started on port(s): 8081 (http) with context path ''
2022-06-20 16:56:06.830  INFO 10168 --- [restartedMain] com.example.demo.DemoApplication         : Started DemoApplication in 0.23 seconds (JVM running for 4419.859)
2022-06-20 16:56:06.831  INFO 10168 --- [restartedMain] .ConditionEvaluationDeltaLoggingListener : Condition evaluation unchanged
2022-06-20 16:57:59.158  INFO 10168 --- [restartedMain] com.example.demo.DemoApplication         : Starting DemoApplication using Java 1.8.0_202 on SHLV8022002LP01 with PID 10168 (D:\WORK\demoDeployJBoss\demo\target\classes started by 8022002 in D:\WORK\demoDeployJBoss\demo)
2022-06-20 16:57:59.158  INFO 10168 --- [restartedMain] com.example.demo.DemoApplication         : No active profile set, falling back to 1 default profile: "default"
2022-06-20 16:57:59.283  INFO 10168 --- [restartedMain] o.s.b.w.embedded.tomcat.TomcatWebServer  : Tomcat initialized with port(s): 8081 (http)
2022-06-20 16:57:59.283  INFO 10168 --- [restartedMain] o.apache.catalina.core.StandardService   : Starting service [Tomcat]
2022-06-20 16:57:59.284  INFO 10168 --- [restartedMain] org.apache.catalina.core.StandardEngine  : Starting Servlet engine: [Apache Tomcat/9.0.63]
2022-06-20 16:57:59.298  INFO 10168 --- [restartedMain] o.a.c.c.C.[Tomcat].[localhost].[/]       : Initializing Spring embedded WebApplicationContext
2022-06-20 16:57:59.298  INFO 10168 --- [restartedMain] w.s.c.ServletWebServerApplicationContext : Root WebApplicationContext: initialization completed in 139 ms
2022-06-20 16:57:59.341  INFO 10168 --- [restartedMain] o.s.b.d.a.OptionalLiveReloadServer       : LiveReload server is running on port 35729
2022-06-20 16:57:59.348  INFO 10168 --- [restartedMain] o.s.b.w.embedded.tomcat.TomcatWebServer  : Tomcat started on port(s): 8081 (http) with context path ''
2022-06-20 16:57:59.352  INFO 10168 --- [restartedMain] com.example.demo.DemoApplication         : Started DemoApplication in 0.212 seconds (JVM running for 4532.38)
2022-06-20 16:57:59.353  INFO 10168 --- [restartedMain] .ConditionEvaluationDeltaLoggingListener : Condition evaluation unchanged
2022-06-20 16:58:00.994  INFO 10168 --- [restartedMain] com.example.demo.DemoApplication         : Starting DemoApplication using Java 1.8.0_202 on SHLV8022002LP01 with PID 10168 (D:\WORK\demoDeployJBoss\demo\target\classes started by 8022002 in D:\WORK\demoDeployJBoss\demo)
2022-06-20 16:58:00.995  INFO 10168 --- [restartedMain] com.example.demo.DemoApplication         : No active profile set, falling back to 1 default profile: "default"
2022-06-20 16:58:01.078  INFO 10168 --- [restartedMain] o.s.b.w.embedded.tomcat.TomcatWebServer  : Tomcat initialized with port(s): 8081 (http)
2022-06-20 16:58:01.078  INFO 10168 --- [restartedMain] o.apache.catalina.core.StandardService   : Starting service [Tomcat]
2022-06-20 16:58:01.078  INFO 10168 --- [restartedMain] org.apache.catalina.core.StandardEngine  : Starting Servlet engine: [Apache Tomcat/9.0.63]
2022-06-20 16:58:01.092  INFO 10168 --- [restartedMain] o.a.c.c.C.[Tomcat].[localhost].[/]       : Initializing Spring embedded WebApplicationContext
2022-06-20 16:58:01.092  INFO 10168 --- [restartedMain] w.s.c.ServletWebServerApplicationContext : Root WebApplicationContext: initialization completed in 96 ms
2022-06-20 16:58:01.123  INFO 10168 --- [restartedMain] o.s.b.d.a.OptionalLiveReloadServer       : LiveReload server is running on port 35729
2022-06-20 16:58:01.128  INFO 10168 --- [restartedMain] o.s.b.w.embedded.tomcat.TomcatWebServer  : Tomcat started on port(s): 8081 (http) with context path ''
2022-06-20 16:58:01.131  INFO 10168 --- [restartedMain] com.example.demo.DemoApplication         : Started DemoApplication in 0.153 seconds (JVM running for 4534.159)
2022-06-20 16:58:01.132  INFO 10168 --- [restartedMain] .ConditionEvaluationDeltaLoggingListener : Condition evaluation unchanged
2022-06-20 16:58:55.629  INFO 10168 --- [restartedMain] com.example.demo.DemoApplication         : Starting DemoApplication using Java 1.8.0_202 on SHLV8022002LP01 with PID 10168 (D:\WORK\demoDeployJBoss\demo\target\classes started by 8022002 in D:\WORK\demoDeployJBoss\demo)
2022-06-20 16:58:55.629  INFO 10168 --- [restartedMain] com.example.demo.DemoApplication         : No active profile set, falling back to 1 default profile: "default"
2022-06-20 16:58:55.756  INFO 10168 --- [restartedMain] o.s.b.w.embedded.tomcat.TomcatWebServer  : Tomcat initialized with port(s): 8081 (http)
2022-06-20 16:58:55.757  INFO 10168 --- [restartedMain] o.apache.catalina.core.StandardService   : Starting service [Tomcat]
2022-06-20 16:58:55.757  INFO 10168 --- [restartedMain] org.apache.catalina.core.StandardEngine  : Starting Servlet engine: [Apache Tomcat/9.0.63]
2022-06-20 16:58:55.770  INFO 10168 --- [restartedMain] o.a.c.c.C.[Tomcat].[localhost].[/]       : Initializing Spring embedded WebApplicationContext
2022-06-20 16:58:55.770  INFO 10168 --- [restartedMain] w.s.c.ServletWebServerApplicationContext : Root WebApplicationContext: initialization completed in 139 ms
2022-06-20 16:58:55.807  INFO 10168 --- [restartedMain] o.s.b.d.a.OptionalLiveReloadServer       : LiveReload server is running on port 35729
2022-06-20 16:58:55.813  INFO 10168 --- [restartedMain] o.s.b.w.embedded.tomcat.TomcatWebServer  : Tomcat started on port(s): 8081 (http) with context path ''
2022-06-20 16:58:55.817  INFO 10168 --- [restartedMain] com.example.demo.DemoApplication         : Started DemoApplication in 0.21 seconds (JVM running for 4588.845)
2022-06-20 16:58:55.818  INFO 10168 --- [restartedMain] .ConditionEvaluationDeltaLoggingListener : Condition evaluation unchanged
2022-06-20 16:58:57.467  INFO 10168 --- [restartedMain] com.example.demo.DemoApplication         : Starting DemoApplication using Java 1.8.0_202 on SHLV8022002LP01 with PID 10168 (D:\WORK\demoDeployJBoss\demo\target\classes started by 8022002 in D:\WORK\demoDeployJBoss\demo)
2022-06-20 16:58:57.467  INFO 10168 --- [restartedMain] com.example.demo.DemoApplication         : No active profile set, falling back to 1 default profile: "default"
2022-06-20 16:58:57.545  INFO 10168 --- [restartedMain] o.s.b.w.embedded.tomcat.TomcatWebServer  : Tomcat initialized with port(s): 8081 (http)
2022-06-20 16:58:57.545  INFO 10168 --- [restartedMain] o.apache.catalina.core.StandardService   : Starting service [Tomcat]
2022-06-20 16:58:57.545  INFO 10168 --- [restartedMain] org.apache.catalina.core.StandardEngine  : Starting Servlet engine: [Apache Tomcat/9.0.63]
2022-06-20 16:58:57.556  INFO 10168 --- [restartedMain] o.a.c.c.C.[Tomcat].[localhost].[/]       : Initializing Spring embedded WebApplicationContext
2022-06-20 16:58:57.556  INFO 10168 --- [restartedMain] w.s.c.ServletWebServerApplicationContext : Root WebApplicationContext: initialization completed in 88 ms
2022-06-20 16:58:57.583  INFO 10168 --- [restartedMain] o.s.b.d.a.OptionalLiveReloadServer       : LiveReload server is running on port 35729
2022-06-20 16:58:57.587  INFO 10168 --- [restartedMain] o.s.b.w.embedded.tomcat.TomcatWebServer  : Tomcat started on port(s): 8081 (http) with context path ''
2022-06-20 16:58:57.591  INFO 10168 --- [restartedMain] com.example.demo.DemoApplication         : Started DemoApplication in 0.142 seconds (JVM running for 4590.619)
2022-06-20 16:58:57.592  INFO 10168 --- [restartedMain] .ConditionEvaluationDeltaLoggingListener : Condition evaluation unchanged
